<?xml version="1.0" encoding="UTF-8"?>
<!-- Generated by org.testng.reporters.JUnitXMLReporter -->
<testsuite hostname="Lenovo-PC" name="Test" tests="2" failures="1" timestamp="8 Aug 2019 09:17:15 GMT" time="22.388" errors="0">
  <testcase name="verifyLogin" time="6.038" classname="com.TestCases.TC_Login_001"/>
  <testcase name="Add" time="0.018" classname="com.TestCases.TC_AddToCart_003">
    <failure type="java.lang.NullPointerException">
      <![CDATA[java.lang.NullPointerException
	at com.PageObject.AddToCart.clickOnAddToCartIcon(AddToCart.java:24)
	at com.TestCases.TC_AddToCart_003.Add(TC_AddToCart_003.java:11)
... Removed 24 stack frames]]>
    </failure>
  </testcase> <!-- Add -->
</testsuite> <!-- Test -->
