<?xml version="1.0" encoding="UTF-8"?>
<testsuite name="TestSuite" time="12.897" tests="4" errors="0" skipped="0" failures="2">
  <properties>
[...]
</properties>
  <testcase name="loginDDT" classname="com.TestCases.TC_LoginDDT_002" time="12.897">
    <failure message="no such element: Unable to locate element: {&quot;method&quot;:&quot;xpath&quot;,&quot;selector&quot;:&quot;//div[@class=&apos;flash ulmessage error  &apos;]&quot;}&#10;  (Session info: chrome=75.0.3770.100)&#10;For documentation on this error, please visit: http://seleniumhq.org/exceptions/no_such_element.html&#10;Build info: version: &apos;3.9.1&apos;, revision: &apos;63f7b50&apos;, time: &apos;2018-02-07T22:25:02.294Z&apos;&#10;System info: host: &apos;LENOVO-PC&apos;, ip: &apos;192.168.192.1&apos;, os.name: &apos;Windows 8.1&apos;, os.arch: &apos;amd64&apos;, os.version: &apos;6.3&apos;, java.version: &apos;1.8.0_172&apos;&#10;Driver info: org.openqa.selenium.chrome.ChromeDriver&#10;Capabilities {acceptInsecureCerts: false, browserName: chrome, browserVersion: 75.0.3770.100, chrome: {chromedriverVersion: 75.0.3770.90 (a6dcaf7e3ec6f..., userDataDir: C:\windows\TEMP\scoped_dir5...}, goog:chromeOptions: {debuggerAddress: localhost:64225}, javascriptEnabled: true, networkConnectionEnabled: false, pageLoadStrategy: normal, platform: XP, platformName: XP, proxy: Proxy(), setWindowRect: true, strictFileInteractability: false, timeouts: {implicit: 0, pageLoad: 300000, script: 30000}, unhandledPromptBehavior: dismiss and notify}&#10;Session ID: 62d271b143d9674cf2ffa934972dc60c&#10;*** Element info: {Using=xpath, value=//div[@class=&apos;flash ulmessage error  &apos;]}" type="org.openqa.selenium.NoSuchElementException">org.openqa.selenium.NoSuchElementException: no such element: Unable to locate element: {"method":"xpath","selector":"//div[@class='flash ulmessage error  ']"}
  (Session info: chrome=75.0.3770.100)
For documentation on this error, please visit: http://seleniumhq.org/exceptions/no_such_element.html
Build info: version: '3.9.1', revision: '63f7b50', time: '2018-02-07T22:25:02.294Z'
System info: host: 'LENOVO-PC', ip: '192.168.192.1', os.name: 'Windows 8.1', os.arch: 'amd64', os.version: '6.3', java.version: '1.8.0_172'
Driver info: org.openqa.selenium.chrome.ChromeDriver
Capabilities {acceptInsecureCerts: false, browserName: chrome, browserVersion: 75.0.3770.100, chrome: {chromedriverVersion: 75.0.3770.90 (a6dcaf7e3ec6f..., userDataDir: C:\windows\TEMP\scoped_dir5...}, goog:chromeOptions: {debuggerAddress: localhost:64225}, javascriptEnabled: true, networkConnectionEnabled: false, pageLoadStrategy: normal, platform: XP, platformName: XP, proxy: Proxy(), setWindowRect: true, strictFileInteractability: false, timeouts: {implicit: 0, pageLoad: 300000, script: 30000}, unhandledPromptBehavior: dismiss and notify}
Session ID: 62d271b143d9674cf2ffa934972dc60c
*** Element info: {Using=xpath, value=//div[@class='flash ulmessage error  ']}
	at sun.reflect.NativeConstructorAccessorImpl.newInstance0(Native Method)
	at sun.reflect.NativeConstructorAccessorImpl.newInstance(NativeConstructorAccessorImpl.java:62)
	at sun.reflect.DelegatingConstructorAccessorImpl.newInstance(DelegatingConstructorAccessorImpl.java:45)
	at java.lang.reflect.Constructor.newInstance(Constructor.java:423)
	at org.openqa.selenium.remote.http.W3CHttpResponseCodec.createException(W3CHttpResponseCodec.java:187)
	at org.openqa.selenium.remote.http.W3CHttpResponseCodec.decode(W3CHttpResponseCodec.java:122)
	at org.openqa.selenium.remote.http.W3CHttpResponseCodec.decode(W3CHttpResponseCodec.java:49)
	at org.openqa.selenium.remote.HttpCommandExecutor.execute(HttpCommandExecutor.java:160)
	at org.openqa.selenium.remote.service.DriverCommandExecutor.execute(DriverCommandExecutor.java:83)
	at org.openqa.selenium.remote.RemoteWebDriver.execute(RemoteWebDriver.java:601)
	at org.openqa.selenium.remote.RemoteWebDriver.findElement(RemoteWebDriver.java:371)
	at org.openqa.selenium.remote.RemoteWebDriver.findElementByXPath(RemoteWebDriver.java:473)
	at org.openqa.selenium.By$ByXPath.findElement(By.java:361)
	at org.openqa.selenium.remote.RemoteWebDriver.findElement(RemoteWebDriver.java:363)
	at com.TestCases.TC_LoginDDT_002.loginDDT(TC_LoginDDT_002.java:26)
</failure>
    <system-out><![CDATA[ INFO [main] (BaseClass.java:53)- Browser is opened
 INFO [main] (BaseClass.java:55)- URL is entered
 INFO [main] (TC_LoginDDT_002.java:20)- User Name Entered
 INFO [main] (TC_LoginDDT_002.java:22)- Password Entered
 INFO [main] (TC_LoginDDT_002.java:24)- Successfully login
]]></system-out>
    <system-err><![CDATA[SLF4J: No SLF4J providers were found.
SLF4J: Defaulting to no-operation (NOP) logger implementation
SLF4J: See http://www.slf4j.org/codes.html#noProviders for further details.
Jul 01, 2019 10:11:29 AM java.util.prefs.WindowsPreferences <init>
WARNING: Could not open/create prefs root node Software\JavaSoft\Prefs at root 0x80000002. Windows RegCreateKeyEx(...) returned error code 5.
Starting ChromeDriver 75.0.3770.90 (a6dcaf7e3ec6f70a194cc25e8149475c6590e025-refs/branch-heads/3770@{#1003}) on port 32590
Only local connections are allowed.
Please protect ports used by ChromeDriver and related test frameworks to prevent access by malicious code.
Jul 01, 2019 10:11:32 AM org.openqa.selenium.remote.ProtocolHandshake createSession
INFO: Detected dialect: W3C
]]></system-err>
  </testcase>
  <testcase name="loginDDT" classname="com.TestCases.TC_LoginDDT_002" time="14.466"/>
  <testcase name="loginDDT" classname="com.TestCases.TC_LoginDDT_002" time="12.821">
    <failure message="no such element: Unable to locate element: {&quot;method&quot;:&quot;xpath&quot;,&quot;selector&quot;:&quot;//div[@class=&apos;flash ulmessage error  &apos;]&quot;}&#10;  (Session info: chrome=75.0.3770.100)&#10;For documentation on this error, please visit: http://seleniumhq.org/exceptions/no_such_element.html&#10;Build info: version: &apos;3.9.1&apos;, revision: &apos;63f7b50&apos;, time: &apos;2018-02-07T22:25:02.294Z&apos;&#10;System info: host: &apos;LENOVO-PC&apos;, ip: &apos;192.168.192.1&apos;, os.name: &apos;Windows 8.1&apos;, os.arch: &apos;amd64&apos;, os.version: &apos;6.3&apos;, java.version: &apos;1.8.0_172&apos;&#10;Driver info: org.openqa.selenium.chrome.ChromeDriver&#10;Capabilities {acceptInsecureCerts: false, browserName: chrome, browserVersion: 75.0.3770.100, chrome: {chromedriverVersion: 75.0.3770.90 (a6dcaf7e3ec6f..., userDataDir: C:\windows\TEMP\scoped_dir1...}, goog:chromeOptions: {debuggerAddress: localhost:64418}, javascriptEnabled: true, networkConnectionEnabled: false, pageLoadStrategy: normal, platform: XP, platformName: XP, proxy: Proxy(), setWindowRect: true, strictFileInteractability: false, timeouts: {implicit: 0, pageLoad: 300000, script: 30000}, unhandledPromptBehavior: dismiss and notify}&#10;Session ID: b4a035ca1d691b50a497d89aab47ea85&#10;*** Element info: {Using=xpath, value=//div[@class=&apos;flash ulmessage error  &apos;]}" type="org.openqa.selenium.NoSuchElementException">org.openqa.selenium.NoSuchElementException: no such element: Unable to locate element: {"method":"xpath","selector":"//div[@class='flash ulmessage error  ']"}
  (Session info: chrome=75.0.3770.100)
For documentation on this error, please visit: http://seleniumhq.org/exceptions/no_such_element.html
Build info: version: '3.9.1', revision: '63f7b50', time: '2018-02-07T22:25:02.294Z'
System info: host: 'LENOVO-PC', ip: '192.168.192.1', os.name: 'Windows 8.1', os.arch: 'amd64', os.version: '6.3', java.version: '1.8.0_172'
Driver info: org.openqa.selenium.chrome.ChromeDriver
Capabilities {acceptInsecureCerts: false, browserName: chrome, browserVersion: 75.0.3770.100, chrome: {chromedriverVersion: 75.0.3770.90 (a6dcaf7e3ec6f..., userDataDir: C:\windows\TEMP\scoped_dir1...}, goog:chromeOptions: {debuggerAddress: localhost:64418}, javascriptEnabled: true, networkConnectionEnabled: false, pageLoadStrategy: normal, platform: XP, platformName: XP, proxy: Proxy(), setWindowRect: true, strictFileInteractability: false, timeouts: {implicit: 0, pageLoad: 300000, script: 30000}, unhandledPromptBehavior: dismiss and notify}
Session ID: b4a035ca1d691b50a497d89aab47ea85
*** Element info: {Using=xpath, value=//div[@class='flash ulmessage error  ']}
	at sun.reflect.NativeConstructorAccessorImpl.newInstance0(Native Method)
	at sun.reflect.NativeConstructorAccessorImpl.newInstance(NativeConstructorAccessorImpl.java:62)
	at sun.reflect.DelegatingConstructorAccessorImpl.newInstance(DelegatingConstructorAccessorImpl.java:45)
	at java.lang.reflect.Constructor.newInstance(Constructor.java:423)
	at org.openqa.selenium.remote.http.W3CHttpResponseCodec.createException(W3CHttpResponseCodec.java:187)
	at org.openqa.selenium.remote.http.W3CHttpResponseCodec.decode(W3CHttpResponseCodec.java:122)
	at org.openqa.selenium.remote.http.W3CHttpResponseCodec.decode(W3CHttpResponseCodec.java:49)
	at org.openqa.selenium.remote.HttpCommandExecutor.execute(HttpCommandExecutor.java:160)
	at org.openqa.selenium.remote.service.DriverCommandExecutor.execute(DriverCommandExecutor.java:83)
	at org.openqa.selenium.remote.RemoteWebDriver.execute(RemoteWebDriver.java:601)
	at org.openqa.selenium.remote.RemoteWebDriver.findElement(RemoteWebDriver.java:371)
	at org.openqa.selenium.remote.RemoteWebDriver.findElementByXPath(RemoteWebDriver.java:473)
	at org.openqa.selenium.By$ByXPath.findElement(By.java:361)
	at org.openqa.selenium.remote.RemoteWebDriver.findElement(RemoteWebDriver.java:363)
	at com.TestCases.TC_LoginDDT_002.loginDDT(TC_LoginDDT_002.java:26)
</failure>
    <system-out><![CDATA[ INFO [main] (BaseClass.java:61)- Browser is closed
 INFO [main] (BaseClass.java:53)- Browser is opened
 INFO [main] (BaseClass.java:55)- URL is entered
 INFO [main] (TC_LoginDDT_002.java:20)- User Name Entered
 INFO [main] (TC_LoginDDT_002.java:22)- Password Entered
 INFO [main] (TC_LoginDDT_002.java:24)- Successfully login
]]></system-out>
    <system-err><![CDATA[Starting ChromeDriver 75.0.3770.90 (a6dcaf7e3ec6f70a194cc25e8149475c6590e025-refs/branch-heads/3770@{#1003}) on port 38476
Only local connections are allowed.
Please protect ports used by ChromeDriver and related test frameworks to prevent access by malicious code.
Jul 01, 2019 10:14:19 AM org.openqa.selenium.remote.ProtocolHandshake createSession
INFO: Detected dialect: W3C
]]></system-err>
  </testcase>
  <testcase name="loginDDT" classname="com.TestCases.TC_LoginDDT_002" time="17.095"/>
</testsuite>