<?xml version="1.0" encoding="UTF-8"?>
<testng-results skipped="0" failed="1" total="2" passed="1">
  <reporter-output>
  </reporter-output>
  <suite name="Suite" duration-ms="22388" started-at="2019-08-08T09:16:53Z" finished-at="2019-08-08T09:17:15Z">
    <groups>
    </groups>
    <test name="Test" duration-ms="22388" started-at="2019-08-08T09:16:53Z" finished-at="2019-08-08T09:17:15Z">
      <class name="com.TestCases.TC_Login_001">
        <test-method status="PASS" signature="openBrowser(java.lang.String)[pri:0, instance:com.TestCases.TC_Login_001@1e643faf]" name="openBrowser" is-config="true" duration-ms="15334" started-at="2019-08-08T14:46:53Z" finished-at="2019-08-08T14:47:09Z">
          <params>
            <param index="0">
              <value>
                <![CDATA[chrome]]>
              </value>
            </param>
          </params>
          <reporter-output>
          </reporter-output>
        </test-method> <!-- openBrowser -->
        <test-method status="PASS" signature="verifyLogin()[pri:1, instance:com.TestCases.TC_Login_001@1e643faf]" name="verifyLogin" duration-ms="6038" started-at="2019-08-08T14:47:09Z" finished-at="2019-08-08T14:47:15Z">
          <reporter-output>
          </reporter-output>
        </test-method> <!-- verifyLogin -->
        <test-method status="PASS" signature="tearDown()[pri:0, instance:com.TestCases.TC_Login_001@1e643faf]" name="tearDown" is-config="true" duration-ms="686" started-at="2019-08-08T14:47:15Z" finished-at="2019-08-08T14:47:15Z">
          <reporter-output>
          </reporter-output>
        </test-method> <!-- tearDown -->
      </class> <!-- com.TestCases.TC_Login_001 -->
      <class name="com.TestCases.TC_AddToCart_003">
        <test-method status="FAIL" signature="Add()[pri:2, instance:com.TestCases.TC_AddToCart_003@6e8dacdf]" name="Add" duration-ms="18" started-at="2019-08-08T14:47:15Z" finished-at="2019-08-08T14:47:15Z">
          <exception class="java.lang.NullPointerException">
            <full-stacktrace>
              <![CDATA[java.lang.NullPointerException
	at com.PageObject.AddToCart.clickOnAddToCartIcon(AddToCart.java:24)
	at com.TestCases.TC_AddToCart_003.Add(TC_AddToCart_003.java:11)
	at sun.reflect.NativeMethodAccessorImpl.invoke0(Native Method)
	at sun.reflect.NativeMethodAccessorImpl.invoke(NativeMethodAccessorImpl.java:62)
	at sun.reflect.DelegatingMethodAccessorImpl.invoke(DelegatingMethodAccessorImpl.java:43)
	at java.lang.reflect.Method.invoke(Method.java:498)
	at org.testng.internal.MethodInvocationHelper.invokeMethod(MethodInvocationHelper.java:86)
	at org.testng.internal.Invoker.invokeMethod(Invoker.java:645)
	at org.testng.internal.Invoker.invokeTestMethod(Invoker.java:822)
	at org.testng.internal.Invoker.invokeTestMethods(Invoker.java:1130)
	at org.testng.internal.TestMethodWorker.invokeTestMethods(TestMethodWorker.java:129)
	at org.testng.internal.TestMethodWorker.run(TestMethodWorker.java:112)
	at org.testng.TestRunner.privateRun(TestRunner.java:782)
	at org.testng.TestRunner.run(TestRunner.java:632)
	at org.testng.SuiteRunner.runTest(SuiteRunner.java:366)
	at org.testng.SuiteRunner.runSequentially(SuiteRunner.java:361)
	at org.testng.SuiteRunner.privateRun(SuiteRunner.java:319)
	at org.testng.SuiteRunner.run(SuiteRunner.java:268)
	at org.testng.SuiteRunnerWorker.runSuite(SuiteRunnerWorker.java:52)
	at org.testng.SuiteRunnerWorker.run(SuiteRunnerWorker.java:86)
	at org.testng.TestNG.runSuitesSequentially(TestNG.java:1244)
	at org.testng.TestNG.runSuitesLocally(TestNG.java:1169)
	at org.testng.TestNG.run(TestNG.java:1064)
	at org.testng.remote.RemoteTestNG.run(RemoteTestNG.java:113)
	at org.testng.remote.RemoteTestNG.initAndRun(RemoteTestNG.java:206)
	at org.testng.remote.RemoteTestNG.main(RemoteTestNG.java:177)
]]>
            </full-stacktrace>
          </exception> <!-- java.lang.NullPointerException -->
          <reporter-output>
          </reporter-output>
        </test-method> <!-- Add -->
      </class> <!-- com.TestCases.TC_AddToCart_003 -->
    </test> <!-- Test -->
  </suite> <!-- Suite -->
</testng-results>
